Running main() from gtest_main.cc
[==========] Running 6 tests from 4 test cases.
[----------] Global test environment set-up.
[----------] 1 test from AE
[ RUN      ] AE.CanAdd
[       OK ] AE.CanAdd (104 ms)
[----------] 1 test from AE (104 ms total)

[----------] 2 tests from Assignment
[ RUN      ] Assignment.OfVariable
[       OK ] Assignment.OfVariable (103 ms)
[ RUN      ] Assignment.OfDereference
#### Start of Assembly ####

#### Start of Statements ####
statementnumber_0:
.global main
.text
main:
mov %rsp, %rbp

statementnumber_1:
sub $0, %rsp
statementnumber_2:
push -8(%rbp)

statementnumber_3:
push $12

statementnumber_4:
pop -8(%rbp)
statementnumber_5:
push -16(%rbp)

statementnumber_6:
push $2

statementnumber_7:
#push 
statementnumber_8:
push $3

statementnumber_9:
mov $2(%rbp), %rax
pop -16(%rax)
statementnumber_10:
push -8(%rbp)

statementnumber_11:
push $30

statementnumber_12:
pop %rax
pop %rbx
add %rax, %rbx
push %rbx

#### End of Statements ####

pop %rax
mov     $format, %rdi
mov     %rax, %rsi
xor     %rax, %rax
call    printf

##DESTROY LOCAL VARS
add $16, %rsp
##end DESTROY LOCAL VARS

  ret
format:
  .asciz  "%d\n"

.data

#### End of Assembly ####
backend/v5testsArithmeticOps.cc:169: Failure
Value of: output
  Actual: ""
Expected: "42"
[  FAILED  ] Assignment.OfDereference (38 ms)
[----------] 2 tests from Assignment (141 ms total)

[----------] 1 test from Create
[ RUN      ] Create.Function
[       OK ] Create.Function (104 ms)
[----------] 1 test from Create (104 ms total)

[----------] 2 tests from Call
[ RUN      ] Call.Function
[       OK ] Call.Function (108 ms)
[ RUN      ] Call.FunctionTwice
[       OK ] Call.FunctionTwice (136 ms)
[----------] 2 tests from Call (244 ms total)

[----------] Global test environment tear-down
[==========] 6 tests from 4 test cases ran. (593 ms total)
[  PASSED  ] 5 tests.
[  FAILED  ] 1 test, listed below:
[  FAILED  ] Assignment.OfDereference

 1 FAILED TEST
